*** Starting uWSGI 2.0.19.1 (64bit) on [Sat Jun 19 05:59:15 2021] ***
compiled with version: 8.3.0 on 19 June 2021 05:39:09
os: Linux-5.4.72-microsoft-standard-WSL2 #1 SMP Wed Oct 28 23:40:43 UTC 2020
nodename: c180d9eacdd2
machine: x86_64
clock source: unix
pcre jit disabled
detected number of CPU cores: 4
current working directory: /code
detected binary path: /usr/local/bin/uwsgi
uWSGI running as root, you can use --uid/--gid/--chroot options
*** WARNING: you are running uWSGI as root !!! (use the --uid flag) *** 
your memory page size is 4096 bytes
detected max file descriptor number: 1048576
lock engine: pthread robust mutexes
thunder lock: disabled (you can enable it with --thunder-lock)
uwsgi socket 0 bound to TCP address :8001 fd 3
uWSGI running as root, you can use --uid/--gid/--chroot options
*** WARNING: you are running uWSGI as root !!! (use the --uid flag) *** 
Python version: 3.7.10 (default, May 12 2021, 16:05:48)  [GCC 8.3.0]
Python main interpreter initialized at 0x556a25370e30
uWSGI running as root, you can use --uid/--gid/--chroot options
*** WARNING: you are running uWSGI as root !!! (use the --uid flag) *** 
python threads support enabled
your server socket listen backlog is limited to 100 connections
your mercy for graceful operations on workers is 60 seconds
mapped 145840 bytes (142 KB) for 1 cores
*** Operational MODE: single process ***
WSGI app 0 (mountpoint='') ready in 1 seconds on interpreter 0x556a25370e30 pid: 1 (default app)
mountpoint  already configured. skip.
uWSGI running as root, you can use --uid/--gid/--chroot options
*** WARNING: you are running uWSGI as root !!! (use the --uid flag) *** 
*** uWSGI is running in multiple interpreter mode ***
spawned uWSGI master process (pid: 1)
spawned uWSGI worker 1 (pid: 9, cores: 1)
Python auto-reloader enabled
[pid: 9|app: 0|req: 1/1] 172.22.0.1 () {54 vars in 1218 bytes} [Sat Jun 19 06:01:55 2021] GET / => generated 10697 bytes in 71 msecs (HTTP/1.1 200) 5 headers in 153 bytes (1 switches on core 0)
Not Found: /favicon.ico
[pid: 9|app: 0|req: 2/2] 172.22.0.1 () {52 vars in 1150 bytes} [Sat Jun 19 06:01:56 2021] GET /favicon.ico => generated 2115 bytes in 46 msecs (HTTP/1.1 404) 5 headers in 159 bytes (1 switches on core 0)
[pid: 9|app: 0|req: 3/3] 172.22.0.1 () {54 vars in 1230 bytes} [Sat Jun 19 06:02:25 2021] GET /admin/ => generated 0 bytes in 26 msecs (HTTP/1.1 302) 9 headers in 331 bytes (1 switches on core 0)
[pid: 9|app: 0|req: 4/4] 172.22.0.1 () {54 vars in 1267 bytes} [Sat Jun 19 06:02:25 2021] GET /admin/login/?next=/admin/ => generated 2214 bytes in 45 msecs (HTTP/1.1 200) 9 headers in 461 bytes (1 switches on core 0)
...brutally killing workers...
worker 1 buried after 1 seconds
binary reloading uWSGI...
chdir() to /code
closing all non-uwsgi socket fds > 2 (max_fd = 1048576)...
found fd 3 mapped to socket 0 (:8001)
running /usr/local/bin/uwsgi
[uWSGI] getting INI configuration from /code/mainproject/django.ini
*** Starting uWSGI 2.0.19.1 (64bit) on [Sat Jun 19 06:33:39 2021] ***
compiled with version: 8.3.0 on 19 June 2021 05:39:09
os: Linux-5.4.72-microsoft-standard-WSL2 #1 SMP Wed Oct 28 23:40:43 UTC 2020
nodename: c180d9eacdd2
machine: x86_64
clock source: unix
pcre jit disabled
detected number of CPU cores: 4
current working directory: /code
detected binary path: /usr/local/bin/uwsgi
uWSGI running as root, you can use --uid/--gid/--chroot options
*** WARNING: you are running uWSGI as root !!! (use the --uid flag) *** 
your memory page size is 4096 bytes
detected max file descriptor number: 1048576
lock engine: pthread robust mutexes
thunder lock: disabled (you can enable it with --thunder-lock)
uwsgi socket 0 inherited INET address :8001 fd 3
uWSGI running as root, you can use --uid/--gid/--chroot options
*** WARNING: you are running uWSGI as root !!! (use the --uid flag) *** 
Python version: 3.7.10 (default, May 12 2021, 16:05:48)  [GCC 8.3.0]
Python main interpreter initialized at 0x5584cea03df0
uWSGI running as root, you can use --uid/--gid/--chroot options
*** WARNING: you are running uWSGI as root !!! (use the --uid flag) *** 
python threads support enabled
your server socket listen backlog is limited to 100 connections
your mercy for graceful operations on workers is 60 seconds
mapped 145840 bytes (142 KB) for 1 cores
*** Operational MODE: single process ***
WSGI app 0 (mountpoint='') ready in 0 seconds on interpreter 0x5584cea03df0 pid: 1 (default app)
mountpoint  already configured. skip.
uWSGI running as root, you can use --uid/--gid/--chroot options
*** WARNING: you are running uWSGI as root !!! (use the --uid flag) *** 
*** uWSGI is running in multiple interpreter mode ***
gracefully (RE)spawned uWSGI master process (pid: 1)
spawned uWSGI worker 1 (pid: 11, cores: 1)
Python auto-reloader enabled
*** Starting uWSGI 2.0.19.1 (64bit) on [Sat Jun 19 06:42:52 2021] ***
compiled with version: 8.3.0 on 19 June 2021 05:39:09
os: Linux-5.4.72-microsoft-standard-WSL2 #1 SMP Wed Oct 28 23:40:43 UTC 2020
nodename: 1d1f12428749
machine: x86_64
clock source: unix
pcre jit disabled
detected number of CPU cores: 4
current working directory: /code
detected binary path: /usr/local/bin/uwsgi
uWSGI running as root, you can use --uid/--gid/--chroot options
*** WARNING: you are running uWSGI as root !!! (use the --uid flag) *** 
your memory page size is 4096 bytes
detected max file descriptor number: 1048576
lock engine: pthread robust mutexes
thunder lock: disabled (you can enable it with --thunder-lock)
uwsgi socket 0 bound to TCP address :8001 fd 3
uWSGI running as root, you can use --uid/--gid/--chroot options
*** WARNING: you are running uWSGI as root !!! (use the --uid flag) *** 
Python version: 3.7.10 (default, May 12 2021, 16:05:48)  [GCC 8.3.0]
Python main interpreter initialized at 0x55916e8b8e30
uWSGI running as root, you can use --uid/--gid/--chroot options
*** WARNING: you are running uWSGI as root !!! (use the --uid flag) *** 
python threads support enabled
your server socket listen backlog is limited to 100 connections
your mercy for graceful operations on workers is 60 seconds
mapped 145840 bytes (142 KB) for 1 cores
*** Operational MODE: single process ***
WSGI app 0 (mountpoint='') ready in 1 seconds on interpreter 0x55916e8b8e30 pid: 1 (default app)
mountpoint  already configured. skip.
uWSGI running as root, you can use --uid/--gid/--chroot options
*** WARNING: you are running uWSGI as root !!! (use the --uid flag) *** 
*** uWSGI is running in multiple interpreter mode ***
spawned uWSGI master process (pid: 1)
spawned uWSGI worker 1 (pid: 8, cores: 1)
Python auto-reloader enabled
[pid: 8|app: 0|req: 1/1] 172.24.0.1 () {52 vars in 962 bytes} [Sat Jun 19 06:43:12 2021] GET /app => generated 0 bytes in 233 msecs (HTTP/1.1 301) 5 headers in 173 bytes (1 switches on core 0)
[pid: 8|app: 0|req: 2/2] 172.24.0.1 () {52 vars in 964 bytes} [Sat Jun 19 06:43:13 2021] GET /app/ => generated 12 bytes in 4 msecs (HTTP/1.1 200) 5 headers in 165 bytes (1 switches on core 0)
Not Found: /favicon.ico
[pid: 8|app: 0|req: 3/3] 172.24.0.1 () {50 vars in 892 bytes} [Sat Jun 19 06:43:13 2021] GET /favicon.ico => generated 2219 bytes in 16 msecs (HTTP/1.1 404) 5 headers in 159 bytes (1 switches on core 0)
...brutally killing workers...
worker 1 buried after 1 seconds
binary reloading uWSGI...
chdir() to /code
closing all non-uwsgi socket fds > 2 (max_fd = 1048576)...
found fd 3 mapped to socket 0 (:8001)
running /usr/local/bin/uwsgi
[uWSGI] getting INI configuration from /code/mainproject/django.ini
*** Starting uWSGI 2.0.19.1 (64bit) on [Sat Jun 19 06:43:41 2021] ***
compiled with version: 8.3.0 on 19 June 2021 05:39:09
os: Linux-5.4.72-microsoft-standard-WSL2 #1 SMP Wed Oct 28 23:40:43 UTC 2020
nodename: 1d1f12428749
machine: x86_64
clock source: unix
pcre jit disabled
detected number of CPU cores: 4
current working directory: /code
detected binary path: /usr/local/bin/uwsgi
uWSGI running as root, you can use --uid/--gid/--chroot options
*** WARNING: you are running uWSGI as root !!! (use the --uid flag) *** 
your memory page size is 4096 bytes
detected max file descriptor number: 1048576
lock engine: pthread robust mutexes
thunder lock: disabled (you can enable it with --thunder-lock)
uwsgi socket 0 inherited INET address :8001 fd 3
uWSGI running as root, you can use --uid/--gid/--chroot options
*** WARNING: you are running uWSGI as root !!! (use the --uid flag) *** 
Python version: 3.7.10 (default, May 12 2021, 16:05:48)  [GCC 8.3.0]
Python main interpreter initialized at 0x560c03e1cdf0
uWSGI running as root, you can use --uid/--gid/--chroot options
*** WARNING: you are running uWSGI as root !!! (use the --uid flag) *** 
python threads support enabled
your server socket listen backlog is limited to 100 connections
your mercy for graceful operations on workers is 60 seconds
mapped 145840 bytes (142 KB) for 1 cores
*** Operational MODE: single process ***
WSGI app 0 (mountpoint='') ready in 0 seconds on interpreter 0x560c03e1cdf0 pid: 1 (default app)
mountpoint  already configured. skip.
uWSGI running as root, you can use --uid/--gid/--chroot options
*** WARNING: you are running uWSGI as root !!! (use the --uid flag) *** 
*** uWSGI is running in multiple interpreter mode ***
gracefully (RE)spawned uWSGI master process (pid: 1)
spawned uWSGI worker 1 (pid: 10, cores: 1)
Python auto-reloader enabled
*** Starting uWSGI 2.0.19.1 (64bit) on [Sat Jun 19 13:26:54 2021] ***
compiled with version: 8.3.0 on 19 June 2021 05:39:09
os: Linux-5.4.72-microsoft-standard-WSL2 #1 SMP Wed Oct 28 23:40:43 UTC 2020
nodename: 08fd8d37310c
machine: x86_64
clock source: unix
pcre jit disabled
detected number of CPU cores: 4
current working directory: /code
detected binary path: /usr/local/bin/uwsgi
uWSGI running as root, you can use --uid/--gid/--chroot options
*** WARNING: you are running uWSGI as root !!! (use the --uid flag) *** 
your memory page size is 4096 bytes
detected max file descriptor number: 1048576
lock engine: pthread robust mutexes
thunder lock: disabled (you can enable it with --thunder-lock)
uwsgi socket 0 bound to TCP address :8001 fd 3
uWSGI running as root, you can use --uid/--gid/--chroot options
*** WARNING: you are running uWSGI as root !!! (use the --uid flag) *** 
Python version: 3.7.10 (default, May 12 2021, 16:05:48)  [GCC 8.3.0]
Python main interpreter initialized at 0x5602519b6e30
uWSGI running as root, you can use --uid/--gid/--chroot options
*** WARNING: you are running uWSGI as root !!! (use the --uid flag) *** 
python threads support enabled
your server socket listen backlog is limited to 100 connections
your mercy for graceful operations on workers is 60 seconds
mapped 145840 bytes (142 KB) for 1 cores
*** Operational MODE: single process ***
WSGI app 0 (mountpoint='') ready in 2 seconds on interpreter 0x5602519b6e30 pid: 1 (default app)
mountpoint  already configured. skip.
uWSGI running as root, you can use --uid/--gid/--chroot options
*** WARNING: you are running uWSGI as root !!! (use the --uid flag) *** 
*** uWSGI is running in multiple interpreter mode ***
spawned uWSGI master process (pid: 1)
spawned uWSGI worker 1 (pid: 8, cores: 1)
Python auto-reloader enabled
...brutally killing workers...
worker 1 buried after 1 seconds
binary reloading uWSGI...
chdir() to /code
closing all non-uwsgi socket fds > 2 (max_fd = 1048576)...
found fd 3 mapped to socket 0 (:8001)
running /usr/local/bin/uwsgi
[uWSGI] getting INI configuration from /code/mainproject/django.ini
*** Starting uWSGI 2.0.19.1 (64bit) on [Sat Jun 19 13:28:07 2021] ***
compiled with version: 8.3.0 on 19 June 2021 05:39:09
os: Linux-5.4.72-microsoft-standard-WSL2 #1 SMP Wed Oct 28 23:40:43 UTC 2020
nodename: 08fd8d37310c
machine: x86_64
clock source: unix
pcre jit disabled
detected number of CPU cores: 4
current working directory: /code
detected binary path: /usr/local/bin/uwsgi
uWSGI running as root, you can use --uid/--gid/--chroot options
*** WARNING: you are running uWSGI as root !!! (use the --uid flag) *** 
your memory page size is 4096 bytes
detected max file descriptor number: 1048576
lock engine: pthread robust mutexes
thunder lock: disabled (you can enable it with --thunder-lock)
uwsgi socket 0 inherited INET address :8001 fd 3
uWSGI running as root, you can use --uid/--gid/--chroot options
*** WARNING: you are running uWSGI as root !!! (use the --uid flag) *** 
Python version: 3.7.10 (default, May 12 2021, 16:05:48)  [GCC 8.3.0]
Python main interpreter initialized at 0x55c7bc698df0
uWSGI running as root, you can use --uid/--gid/--chroot options
*** WARNING: you are running uWSGI as root !!! (use the --uid flag) *** 
python threads support enabled
your server socket listen backlog is limited to 100 connections
your mercy for graceful operations on workers is 60 seconds
mapped 145840 bytes (142 KB) for 1 cores
*** Operational MODE: single process ***
WSGI app 0 (mountpoint='') ready in 0 seconds on interpreter 0x55c7bc698df0 pid: 1 (default app)
mountpoint  already configured. skip.
uWSGI running as root, you can use --uid/--gid/--chroot options
*** WARNING: you are running uWSGI as root !!! (use the --uid flag) *** 
*** uWSGI is running in multiple interpreter mode ***
gracefully (RE)spawned uWSGI master process (pid: 1)
spawned uWSGI worker 1 (pid: 10, cores: 1)
Python auto-reloader enabled
*** Starting uWSGI 2.0.19.1 (64bit) on [Sat Jun 19 13:34:53 2021] ***
compiled with version: 8.3.0 on 19 June 2021 05:39:09
os: Linux-5.4.72-microsoft-standard-WSL2 #1 SMP Wed Oct 28 23:40:43 UTC 2020
nodename: 691494adf570
machine: x86_64
clock source: unix
pcre jit disabled
detected number of CPU cores: 4
current working directory: /code
detected binary path: /usr/local/bin/uwsgi
uWSGI running as root, you can use --uid/--gid/--chroot options
*** WARNING: you are running uWSGI as root !!! (use the --uid flag) *** 
your memory page size is 4096 bytes
detected max file descriptor number: 1048576
lock engine: pthread robust mutexes
thunder lock: disabled (you can enable it with --thunder-lock)
uwsgi socket 0 bound to TCP address :8001 fd 3
uWSGI running as root, you can use --uid/--gid/--chroot options
*** WARNING: you are running uWSGI as root !!! (use the --uid flag) *** 
Python version: 3.7.10 (default, May 12 2021, 16:05:48)  [GCC 8.3.0]
Python main interpreter initialized at 0x562f3ecc4e30
uWSGI running as root, you can use --uid/--gid/--chroot options
*** WARNING: you are running uWSGI as root !!! (use the --uid flag) *** 
python threads support enabled
your server socket listen backlog is limited to 100 connections
your mercy for graceful operations on workers is 60 seconds
mapped 145840 bytes (142 KB) for 1 cores
*** Operational MODE: single process ***
WSGI app 0 (mountpoint='') ready in 1 seconds on interpreter 0x562f3ecc4e30 pid: 1 (default app)
mountpoint  already configured. skip.
uWSGI running as root, you can use --uid/--gid/--chroot options
*** WARNING: you are running uWSGI as root !!! (use the --uid flag) *** 
*** uWSGI is running in multiple interpreter mode ***
spawned uWSGI master process (pid: 1)
spawned uWSGI worker 1 (pid: 8, cores: 1)
Python auto-reloader enabled
...brutally killing workers...
worker 1 buried after 1 seconds
binary reloading uWSGI...
chdir() to /code
closing all non-uwsgi socket fds > 2 (max_fd = 1048576)...
found fd 3 mapped to socket 0 (:8001)
running /usr/local/bin/uwsgi
[uWSGI] getting INI configuration from /code/mainproject/django.ini
*** Starting uWSGI 2.0.19.1 (64bit) on [Sat Jun 19 13:35:29 2021] ***
compiled with version: 8.3.0 on 19 June 2021 05:39:09
os: Linux-5.4.72-microsoft-standard-WSL2 #1 SMP Wed Oct 28 23:40:43 UTC 2020
nodename: 691494adf570
machine: x86_64
clock source: unix
pcre jit disabled
detected number of CPU cores: 4
current working directory: /code
detected binary path: /usr/local/bin/uwsgi
uWSGI running as root, you can use --uid/--gid/--chroot options
*** WARNING: you are running uWSGI as root !!! (use the --uid flag) *** 
your memory page size is 4096 bytes
detected max file descriptor number: 1048576
lock engine: pthread robust mutexes
thunder lock: disabled (you can enable it with --thunder-lock)
uwsgi socket 0 inherited INET address :8001 fd 3
uWSGI running as root, you can use --uid/--gid/--chroot options
*** WARNING: you are running uWSGI as root !!! (use the --uid flag) *** 
Python version: 3.7.10 (default, May 12 2021, 16:05:48)  [GCC 8.3.0]
Python main interpreter initialized at 0x56057d85adf0
uWSGI running as root, you can use --uid/--gid/--chroot options
*** WARNING: you are running uWSGI as root !!! (use the --uid flag) *** 
python threads support enabled
your server socket listen backlog is limited to 100 connections
your mercy for graceful operations on workers is 60 seconds
mapped 145840 bytes (142 KB) for 1 cores
*** Operational MODE: single process ***
WSGI app 0 (mountpoint='') ready in 1 seconds on interpreter 0x56057d85adf0 pid: 1 (default app)
mountpoint  already configured. skip.
uWSGI running as root, you can use --uid/--gid/--chroot options
*** WARNING: you are running uWSGI as root !!! (use the --uid flag) *** 
*** uWSGI is running in multiple interpreter mode ***
gracefully (RE)spawned uWSGI master process (pid: 1)
spawned uWSGI worker 1 (pid: 10, cores: 1)
Python auto-reloader enabled
*** Starting uWSGI 2.0.19.1 (64bit) on [Sat Jun 19 13:36:14 2021] ***
compiled with version: 8.3.0 on 19 June 2021 05:39:09
os: Linux-5.4.72-microsoft-standard-WSL2 #1 SMP Wed Oct 28 23:40:43 UTC 2020
nodename: 2b297c14b6ed
machine: x86_64
clock source: unix
pcre jit disabled
detected number of CPU cores: 4
current working directory: /code
detected binary path: /usr/local/bin/uwsgi
uWSGI running as root, you can use --uid/--gid/--chroot options
*** WARNING: you are running uWSGI as root !!! (use the --uid flag) *** 
your memory page size is 4096 bytes
detected max file descriptor number: 1048576
lock engine: pthread robust mutexes
thunder lock: disabled (you can enable it with --thunder-lock)
uwsgi socket 0 bound to TCP address :8001 fd 3
uWSGI running as root, you can use --uid/--gid/--chroot options
*** WARNING: you are running uWSGI as root !!! (use the --uid flag) *** 
Python version: 3.7.10 (default, May 12 2021, 16:05:48)  [GCC 8.3.0]
Python main interpreter initialized at 0x560605483e30
uWSGI running as root, you can use --uid/--gid/--chroot options
*** WARNING: you are running uWSGI as root !!! (use the --uid flag) *** 
python threads support enabled
your server socket listen backlog is limited to 100 connections
your mercy for graceful operations on workers is 60 seconds
mapped 145840 bytes (142 KB) for 1 cores
*** Operational MODE: single process ***
WSGI app 0 (mountpoint='') ready in 2 seconds on interpreter 0x560605483e30 pid: 1 (default app)
mountpoint  already configured. skip.
uWSGI running as root, you can use --uid/--gid/--chroot options
*** WARNING: you are running uWSGI as root !!! (use the --uid flag) *** 
*** uWSGI is running in multiple interpreter mode ***
spawned uWSGI master process (pid: 1)
spawned uWSGI worker 1 (pid: 9, cores: 1)
Python auto-reloader enabled
...brutally killing workers...
worker 1 buried after 1 seconds
binary reloading uWSGI...
chdir() to /code
closing all non-uwsgi socket fds > 2 (max_fd = 1048576)...
found fd 3 mapped to socket 0 (:8001)
running /usr/local/bin/uwsgi
[uWSGI] getting INI configuration from /code/mainproject/django.ini
*** Starting uWSGI 2.0.19.1 (64bit) on [Sat Jun 19 13:37:26 2021] ***
compiled with version: 8.3.0 on 19 June 2021 05:39:09
os: Linux-5.4.72-microsoft-standard-WSL2 #1 SMP Wed Oct 28 23:40:43 UTC 2020
nodename: 2b297c14b6ed
machine: x86_64
clock source: unix
pcre jit disabled
detected number of CPU cores: 4
current working directory: /code
detected binary path: /usr/local/bin/uwsgi
uWSGI running as root, you can use --uid/--gid/--chroot options
*** WARNING: you are running uWSGI as root !!! (use the --uid flag) *** 
your memory page size is 4096 bytes
detected max file descriptor number: 1048576
lock engine: pthread robust mutexes
thunder lock: disabled (you can enable it with --thunder-lock)
uwsgi socket 0 inherited INET address :8001 fd 3
uWSGI running as root, you can use --uid/--gid/--chroot options
*** WARNING: you are running uWSGI as root !!! (use the --uid flag) *** 
Python version: 3.7.10 (default, May 12 2021, 16:05:48)  [GCC 8.3.0]
Python main interpreter initialized at 0x55e9c0e4adf0
uWSGI running as root, you can use --uid/--gid/--chroot options
*** WARNING: you are running uWSGI as root !!! (use the --uid flag) *** 
python threads support enabled
your server socket listen backlog is limited to 100 connections
your mercy for graceful operations on workers is 60 seconds
mapped 145840 bytes (142 KB) for 1 cores
*** Operational MODE: single process ***
WSGI app 0 (mountpoint='') ready in 0 seconds on interpreter 0x55e9c0e4adf0 pid: 1 (default app)
mountpoint  already configured. skip.
uWSGI running as root, you can use --uid/--gid/--chroot options
*** WARNING: you are running uWSGI as root !!! (use the --uid flag) *** 
*** uWSGI is running in multiple interpreter mode ***
gracefully (RE)spawned uWSGI master process (pid: 1)
spawned uWSGI worker 1 (pid: 11, cores: 1)
Python auto-reloader enabled
*** Starting uWSGI 2.0.19.1 (64bit) on [Sun Jun 20 02:43:58 2021] ***
compiled with version: 8.3.0 on 19 June 2021 05:39:09
os: Linux-5.4.72-microsoft-standard-WSL2 #1 SMP Wed Oct 28 23:40:43 UTC 2020
nodename: 2b297c14b6ed
machine: x86_64
clock source: unix
pcre jit disabled
detected number of CPU cores: 4
current working directory: /code
detected binary path: /usr/local/bin/uwsgi
uWSGI running as root, you can use --uid/--gid/--chroot options
*** WARNING: you are running uWSGI as root !!! (use the --uid flag) *** 
your memory page size is 4096 bytes
detected max file descriptor number: 1048576
lock engine: pthread robust mutexes
thunder lock: disabled (you can enable it with --thunder-lock)
uwsgi socket 0 bound to TCP address :8001 fd 3
uWSGI running as root, you can use --uid/--gid/--chroot options
*** WARNING: you are running uWSGI as root !!! (use the --uid flag) *** 
Python version: 3.7.10 (default, May 12 2021, 16:05:48)  [GCC 8.3.0]
Python main interpreter initialized at 0x562c2cd8de30
uWSGI running as root, you can use --uid/--gid/--chroot options
*** WARNING: you are running uWSGI as root !!! (use the --uid flag) *** 
python threads support enabled
your server socket listen backlog is limited to 100 connections
your mercy for graceful operations on workers is 60 seconds
mapped 145840 bytes (142 KB) for 1 cores
*** Operational MODE: single process ***
WSGI app 0 (mountpoint='') ready in 1 seconds on interpreter 0x562c2cd8de30 pid: 1 (default app)
mountpoint  already configured. skip.
uWSGI running as root, you can use --uid/--gid/--chroot options
*** WARNING: you are running uWSGI as root !!! (use the --uid flag) *** 
*** uWSGI is running in multiple interpreter mode ***
spawned uWSGI master process (pid: 1)
spawned uWSGI worker 1 (pid: 8, cores: 1)
Python auto-reloader enabled
[pid: 8|app: 0|req: 1/1] 172.28.0.1 () {52 vars in 962 bytes} [Sun Jun 20 02:44:35 2021] GET /app => generated 0 bytes in 125 msecs (HTTP/1.1 301) 5 headers in 173 bytes (1 switches on core 0)
Internal Server Error: /app/
Traceback (most recent call last):
  File "/usr/local/lib/python3.7/site-packages/django/urls/base.py", line 71, in reverse
    extra, resolver = resolver.namespace_dict[ns]
KeyError: 'app'

During handling of the above exception, another exception occurred:

Traceback (most recent call last):
  File "/usr/local/lib/python3.7/site-packages/django/core/handlers/exception.py", line 47, in inner
    response = get_response(request)
  File "/usr/local/lib/python3.7/site-packages/django/core/handlers/base.py", line 204, in _get_response
    response = response.render()
  File "/usr/local/lib/python3.7/site-packages/django/template/response.py", line 105, in render
    self.content = self.rendered_content
  File "/usr/local/lib/python3.7/site-packages/django/template/response.py", line 83, in rendered_content
    return template.render(context, self._request)
  File "/usr/local/lib/python3.7/site-packages/django/template/backends/django.py", line 61, in render
    return self.template.render(context)
  File "/usr/local/lib/python3.7/site-packages/django/template/base.py", line 170, in render
    return self._render(context)
  File "/usr/local/lib/python3.7/site-packages/django/template/base.py", line 162, in _render
    return self.nodelist.render(context)
  File "/usr/local/lib/python3.7/site-packages/django/template/base.py", line 938, in render
    bit = node.render_annotated(context)
  File "/usr/local/lib/python3.7/site-packages/django/template/base.py", line 905, in render_annotated
    return self.render(context)
  File "/usr/local/lib/python3.7/site-packages/django/template/defaulttags.py", line 211, in render
    nodelist.append(node.render_annotated(context))
  File "/usr/local/lib/python3.7/site-packages/django/template/base.py", line 905, in render_annotated
    return self.render(context)
  File "/usr/local/lib/python3.7/site-packages/django/template/defaulttags.py", line 446, in render
    url = reverse(view_name, args=args, kwargs=kwargs, current_app=current_app)
  File "/usr/local/lib/python3.7/site-packages/django/urls/base.py", line 82, in reverse
    raise NoReverseMatch("%s is not a registered namespace" % key)
django.urls.exceptions.NoReverseMatch: 'app' is not a registered namespace
[pid: 8|app: 0|req: 2/2] 172.28.0.1 () {52 vars in 964 bytes} [Sun Jun 20 02:44:35 2021] GET /app/ => generated 116878 bytes in 411 msecs (HTTP/1.1 500) 6 headers in 187 bytes (1 switches on core 0)
Not Found: /favicon.ico
[pid: 8|app: 0|req: 3/3] 172.28.0.1 () {50 vars in 892 bytes} [Sun Jun 20 02:44:36 2021] GET /favicon.ico => generated 2219 bytes in 14 msecs (HTTP/1.1 404) 5 headers in 159 bytes (1 switches on core 0)
[uwsgi-python-reloader] module/file ./app/views.py has been modified
...gracefully killing workers...
Gracefully killing worker 1 (pid: 8)...
worker 1 buried after 1 seconds
binary reloading uWSGI...
chdir() to /code
closing all non-uwsgi socket fds > 2 (max_fd = 1048576)...
found fd 3 mapped to socket 0 (:8001)
running /usr/local/bin/uwsgi
[uWSGI] getting INI configuration from /code/mainproject/django.ini
*** Starting uWSGI 2.0.19.1 (64bit) on [Sun Jun 20 02:45:54 2021] ***
compiled with version: 8.3.0 on 19 June 2021 05:39:09
os: Linux-5.4.72-microsoft-standard-WSL2 #1 SMP Wed Oct 28 23:40:43 UTC 2020
nodename: 2b297c14b6ed
machine: x86_64
clock source: unix
pcre jit disabled
detected number of CPU cores: 4
current working directory: /code
detected binary path: /usr/local/bin/uwsgi
uWSGI running as root, you can use --uid/--gid/--chroot options
*** WARNING: you are running uWSGI as root !!! (use the --uid flag) *** 
your memory page size is 4096 bytes
detected max file descriptor number: 1048576
lock engine: pthread robust mutexes
thunder lock: disabled (you can enable it with --thunder-lock)
uwsgi socket 0 inherited INET address :8001 fd 3
uWSGI running as root, you can use --uid/--gid/--chroot options
*** WARNING: you are running uWSGI as root !!! (use the --uid flag) *** 
Python version: 3.7.10 (default, May 12 2021, 16:05:48)  [GCC 8.3.0]
Python main interpreter initialized at 0x56002abe8df0
uWSGI running as root, you can use --uid/--gid/--chroot options
*** WARNING: you are running uWSGI as root !!! (use the --uid flag) *** 
python threads support enabled
your server socket listen backlog is limited to 100 connections
your mercy for graceful operations on workers is 60 seconds
mapped 145840 bytes (142 KB) for 1 cores
*** Operational MODE: single process ***
WSGI app 0 (mountpoint='') ready in 1 seconds on interpreter 0x56002abe8df0 pid: 1 (default app)
mountpoint  already configured. skip.
uWSGI running as root, you can use --uid/--gid/--chroot options
*** WARNING: you are running uWSGI as root !!! (use the --uid flag) *** 
*** uWSGI is running in multiple interpreter mode ***
gracefully (RE)spawned uWSGI master process (pid: 1)
spawned uWSGI worker 1 (pid: 10, cores: 1)
Python auto-reloader enabled
[pid: 10|app: 0|req: 1/1] 172.28.0.1 () {54 vars in 995 bytes} [Sun Jun 20 02:50:00 2021] GET /app/ => generated 1828 bytes in 256 msecs (HTTP/1.1 200) 5 headers in 167 bytes (1 switches on core 0)
Internal Server Error: /app/4/
Traceback (most recent call last):
  File "/usr/local/lib/python3.7/site-packages/django/urls/base.py", line 71, in reverse
    extra, resolver = resolver.namespace_dict[ns]
KeyError: 'app'

During handling of the above exception, another exception occurred:

Traceback (most recent call last):
  File "/usr/local/lib/python3.7/site-packages/django/core/handlers/exception.py", line 47, in inner
    response = get_response(request)
  File "/usr/local/lib/python3.7/site-packages/django/core/handlers/base.py", line 204, in _get_response
    response = response.render()
  File "/usr/local/lib/python3.7/site-packages/django/template/response.py", line 105, in render
    self.content = self.rendered_content
  File "/usr/local/lib/python3.7/site-packages/django/template/response.py", line 83, in rendered_content
    return template.render(context, self._request)
  File "/usr/local/lib/python3.7/site-packages/django/template/backends/django.py", line 61, in render
    return self.template.render(context)
  File "/usr/local/lib/python3.7/site-packages/django/template/base.py", line 170, in render
    return self._render(context)
  File "/usr/local/lib/python3.7/site-packages/django/template/base.py", line 162, in _render
    return self.nodelist.render(context)
  File "/usr/local/lib/python3.7/site-packages/django/template/base.py", line 938, in render
    bit = node.render_annotated(context)
  File "/usr/local/lib/python3.7/site-packages/django/template/base.py", line 905, in render_annotated
    return self.render(context)
  File "/usr/local/lib/python3.7/site-packages/django/template/defaulttags.py", line 446, in render
    url = reverse(view_name, args=args, kwargs=kwargs, current_app=current_app)
  File "/usr/local/lib/python3.7/site-packages/django/urls/base.py", line 82, in reverse
    raise NoReverseMatch("%s is not a registered namespace" % key)
django.urls.exceptions.NoReverseMatch: 'app' is not a registered namespace
[pid: 10|app: 0|req: 2/2] 172.28.0.1 () {54 vars in 1017 bytes} [Sun Jun 20 02:50:12 2021] GET /app/4/ => generated 103548 bytes in 163 msecs (HTTP/1.1 500) 6 headers in 187 bytes (1 switches on core 0)
[pid: 10|app: 0|req: 3/3] 172.28.0.1 () {56 vars in 1048 bytes} [Sun Jun 20 02:50:40 2021] GET /app/4/ => generated 637 bytes in 99 msecs (HTTP/1.1 200) 5 headers in 166 bytes (1 switches on core 0)
[pid: 10|app: 0|req: 4/4] 172.28.0.1 () {54 vars in 1015 bytes} [Sun Jun 20 02:50:59 2021] GET /app/ => generated 1828 bytes in 99 msecs (HTTP/1.1 200) 5 headers in 167 bytes (1 switches on core 0)
...brutally killing workers...
worker 1 buried after 1 seconds
binary reloading uWSGI...
chdir() to /code
closing all non-uwsgi socket fds > 2 (max_fd = 1048576)...
found fd 3 mapped to socket 0 (:8001)
running /usr/local/bin/uwsgi
[uWSGI] getting INI configuration from /code/mainproject/django.ini
*** Starting uWSGI 2.0.19.1 (64bit) on [Sun Jun 20 02:53:58 2021] ***
compiled with version: 8.3.0 on 19 June 2021 05:39:09
os: Linux-5.4.72-microsoft-standard-WSL2 #1 SMP Wed Oct 28 23:40:43 UTC 2020
nodename: 2b297c14b6ed
machine: x86_64
clock source: unix
pcre jit disabled
detected number of CPU cores: 4
current working directory: /code
detected binary path: /usr/local/bin/uwsgi
uWSGI running as root, you can use --uid/--gid/--chroot options
*** WARNING: you are running uWSGI as root !!! (use the --uid flag) *** 
your memory page size is 4096 bytes
detected max file descriptor number: 1048576
lock engine: pthread robust mutexes
thunder lock: disabled (you can enable it with --thunder-lock)
uwsgi socket 0 inherited INET address :8001 fd 3
uWSGI running as root, you can use --uid/--gid/--chroot options
*** WARNING: you are running uWSGI as root !!! (use the --uid flag) *** 
Python version: 3.7.10 (default, May 12 2021, 16:05:48)  [GCC 8.3.0]
Python main interpreter initialized at 0x56488d13ddf0
uWSGI running as root, you can use --uid/--gid/--chroot options
*** WARNING: you are running uWSGI as root !!! (use the --uid flag) *** 
python threads support enabled
your server socket listen backlog is limited to 100 connections
your mercy for graceful operations on workers is 60 seconds
mapped 145840 bytes (142 KB) for 1 cores
*** Operational MODE: single process ***
WSGI app 0 (mountpoint='') ready in 1 seconds on interpreter 0x56488d13ddf0 pid: 1 (default app)
mountpoint  already configured. skip.
uWSGI running as root, you can use --uid/--gid/--chroot options
*** WARNING: you are running uWSGI as root !!! (use the --uid flag) *** 
*** uWSGI is running in multiple interpreter mode ***
gracefully (RE)spawned uWSGI master process (pid: 1)
spawned uWSGI worker 1 (pid: 12, cores: 1)
Python auto-reloader enabled
